Using pre-set license

 COMMAND LINE ARGUMENTS:
/Applications/Unity/Hub/Editor/2020.3.1f1/Unity.app/Contents/MacOS/Unity
-adb2
-batchMode
-noUpm
-name
AssetImportWorker0
-projectPath
/Users/chihinchoy/git/hithit
-logFile
Logs/AssetImportWorker0.log
-srvPort
64624
Successfully changed project path to: /Users/chihinchoy/git/hithit
/Users/chihinchoy/git/hithit
Using Asset Import Pipeline V2.
Refreshing native plugins compatible for Editor in 23.11 ms, found 1 plugins.
Preloading 0 native plugins for Editor in 0.00 ms.
Initialize engine version: 2020.3.1f1 (77a89f25062f)
[Subsystems] Discovering subsystems at path /Applications/Unity/Hub/Editor/2020.3.1f1/Unity.app/Contents/Resources/UnitySubsystems
[Subsystems] Discovering subsystems at path /Users/chihinchoy/git/hithit/Assets
GfxDevice: creating device client; threaded=0
2021-04-12 22:31:49.142 Unity[25640:1710010] Color LCD preferred device: Intel(R) Iris(TM) Plus Graphics 655 (low power)
2021-04-12 22:31:49.142 Unity[25640:1710010] Metal devices available: 1
2021-04-12 22:31:49.142 Unity[25640:1710010] 0: Intel(R) Iris(TM) Plus Graphics 655 (low power)
2021-04-12 22:31:49.142 Unity[25640:1710010] Using device Intel(R) Iris(TM) Plus Graphics 655 (low power)
Initializing Metal device caps: Intel(R) Iris(TM) Plus Graphics 655
Initialize mono
Mono path[0] = '/Applications/Unity/Hub/Editor/2020.3.1f1/Unity.app/Contents/Managed'
Mono path[1] = '/Applications/Unity/Hub/Editor/2020.3.1f1/Unity.app/Contents/MonoBleedingEdge/lib/mono/unityjit'
Mono config path = '/Applications/Unity/Hub/Editor/2020.3.1f1/Unity.app/Contents/MonoBleedingEdge/etc'
Using monoOptions --debugger-agent=transport=dt_socket,embedding=1,server=y,suspend=n,address=127.0.0.1:56640
Begin MonoManager ReloadAssembly
Registering precompiled unity dll's ...
Register platform support module: /Applications/Unity/Hub/Editor/2020.3.1f1/Unity.app/Contents/PlaybackEngines/MacStandaloneSupport/UnityEditor.OSXStandalone.Extensions.dll
Register platform support module: /Applications/Unity/Hub/Editor/2020.3.1f1/PlaybackEngines/WindowsStandaloneSupport/UnityEditor.WindowsStandalone.Extensions.dll
Registered in 0.000614 seconds.
Native extension for WindowsStandalone target not found
Native extension for OSXStandalone target not found
Refreshing native plugins compatible for Editor in 21.81 ms, found 1 plugins.
Preloading 0 native plugins for Editor in 0.00 ms.
Invoked RoslynAnalysisRunner static constructor.
RoslynAnalysisRunner will not be running.
RoslynAnalysisRunner has terminated.
Mono: successfully reloaded assembly
- Completed reload, in  2.189 seconds
Platform modules already initialized, skipping
Registering precompiled user dll's ...
Registered in 0.000276 seconds.
Begin MonoManager ReloadAssembly
Native extension for WindowsStandalone target not found
Native extension for OSXStandalone target not found
Refreshing native plugins compatible for Editor in 0.25 ms, found 1 plugins.
Preloading 0 native plugins for Editor in 0.00 ms.
Invoked RoslynAnalysisRunner static constructor.
RoslynAnalysisRunner will not be running.
RoslynAnalysisRunner has terminated.
Mono: successfully reloaded assembly
- Completed reload, in  0.924 seconds
Platform modules already initialized, skipping
========================================================================
Worker process is ready to serve import requests
Launching external process: /Applications/Unity/Hub/Editor/2020.3.1f1/Unity.app/Contents/Tools/UnityShaderCompiler
Launched and connected shader compiler UnityShaderCompiler after 0.01 seconds
Refreshing native plugins compatible for Editor in 0.31 ms, found 1 plugins.
Preloading 0 native plugins for Editor in 0.00 ms.
Unloading 1154 Unused Serialized files (Serialized files now loaded: 0)
System memory in use before: 112.4 MB.
System memory in use after: 112.5 MB.

Unloading 9 unused Assets to reduce memory usage. Loaded Objects now: 1600.
Total: 2.207726 ms (FindLiveObjects: 0.156410 ms CreateObjectMapping: 0.037504 ms MarkObjects: 1.826128 ms  DeleteObjects: 0.186837 ms)

========================================================================
Received Import Request.
  path: Assets/Fragment/Crasher.cs
  artifactKey: Guid(1502b823521fc46bea1544272f65f18f) Importer(815301076,1909f56bfc062723c751e8b465ee728b)
Start importing Assets/Fragment/Crasher.cs using Guid(1502b823521fc46bea1544272f65f18f) Importer(815301076,1909f56bfc062723c751e8b465ee728b)  -> (artifact id: 'd269929fe2f9f91518721012074d3537') in 0.393225 seconds
  Import took 0.396742 seconds .

